E:\_STUDY\VS\SOCKETAPI\DEBUG\SOCKETAPI.DLL
E:\_STUDY\VS\SOCKETAPI\DEBUG\SOCKETAPI.DLL.MANIFEST
E:\_study\VS\SocketAPI\Debug\SocketAPI.exp
E:\_STUDY\VS\SOCKETAPI\DEBUG\SOCKETAPI.ILK
E:\_study\VS\SocketAPI\Debug\SocketAPI.lib
E:\_STUDY\VS\SOCKETAPI\DEBUG\SOCKETAPI.PDB
E:\_study\VS\SocketAPI\SocketAPI\Debug\cl.command.1.tlog
E:\_study\VS\SocketAPI\SocketAPI\Debug\CL.read.1.tlog
E:\_study\VS\SocketAPI\SocketAPI\Debug\CL.write.1.tlog
E:\_STUDY\VS\SOCKETAPI\SOCKETAPI\DEBUG\ITCASTLOG.OBJ
E:\_study\VS\SocketAPI\SocketAPI\Debug\link.command.1.tlog
E:\_study\VS\SocketAPI\SocketAPI\Debug\link.read.1.tlog
E:\_study\VS\SocketAPI\SocketAPI\Debug\link.write.1.tlog
E:\_study\VS\SocketAPI\SocketAPI\Debug\mt.command.1.tlog
E:\_study\VS\SocketAPI\SocketAPI\Debug\mt.read.1.tlog
E:\_study\VS\SocketAPI\SocketAPI\Debug\mt.write.1.tlog
E:\_STUDY\VS\SOCKETAPI\SOCKETAPI\DEBUG\SOCKETAPI.DLL.INTERMEDIATE.MANIFEST
E:\_study\VS\SocketAPI\SocketAPI\Debug\SocketAPI.write.1.tlog
E:\_STUDY\VS\SOCKETAPI\SOCKETAPI\DEBUG\SOCKETCLIENT.OBJ
E:\_study\VS\SocketAPI\SocketAPI\Debug\vc100.idb
E:\_STUDY\VS\SOCKETAPI\SOCKETAPI\DEBUG\VC100.PDB
